--ascii is deprecated. Use LANG/LC_* variables to control encoding, and TERM/--color to control colors.
[----] Criterion v2.4.1-13-g2f48d0f-dirty (bleeding)
[====] Running 4 tests from server_suite:
[RUN ] server_suite::00_start_server
[RUN ] server_suite::01_connect_abort
[RUN ] server_suite::02_connect_commit
server_suite/00_start_server
[RUN ] server_suite::05_bank_simulation
Starting server...pid = 1068268
***Initialization phase
req_put(key): Bad address
Connected to server localhost:9999
[PASS] server_suite::01_connect_abort: (0.01s)
[FAIL] server_suite::02_connect_commit: Timed out. (5.00s)
[FAIL] server_suite::05_bank_simulation: Timed out. (30.00s)
Sending SIGHUP to server pid 1068268
Server wait() returned = 0x2500
==1068268== Memcheck, a memory error detector
==1068268== Copyright (C) 2002-2017, and GNU GPL'd, by Julian Seward et al.
==1068268== Using Valgrind-3.18.1 and LibVEX; rerun with -h for copyright info
==1068268== Command: bin/xacto -p 9999
==1068268== Parent PID: 1068246
==1068268== 
==1068268== Thread 3:
==1068268== Invalid read of size 8
==1068268==    at 0x10BD17: trans_abort (in /home/gene/grader-s19/hw5/repos/minseseo/hw5/bin/xacto)
==1068268==    by 0x10B6DC: xacto_client_service (in /home/gene/grader-s19/hw5/repos/minseseo/hw5/bin/xacto)
==1068268==    by 0x4908AC2: start_thread (pthread_create.c:442)
==1068268==    by 0x4999813: clone (clone.S:100)
==1068268==  Address 0x4aa1038 is 104 bytes inside a block of size 120 free'd
==1068268==    at 0x484B27F: free (in /usr/libexec/valgrind/vgpreload_memcheck-amd64-linux.so)
==1068268==    by 0x10BAB6: trans_unref (in /home/gene/grader-s19/hw5/repos/minseseo/hw5/bin/xacto)
==1068268==    by 0x10BD74: trans_abort (in /home/gene/grader-s19/hw5/repos/minseseo/hw5/bin/xacto)
==1068268==    by 0x10BD12: trans_abort (in /home/gene/grader-s19/hw5/repos/minseseo/hw5/bin/xacto)
==1068268==    by 0x10B6DC: xacto_client_service (in /home/gene/grader-s19/hw5/repos/minseseo/hw5/bin/xacto)
==1068268==    by 0x4908AC2: start_thread (pthread_create.c:442)
==1068268==    by 0x4999813: clone (clone.S:100)
==1068268==  Block was alloc'd at
==1068268==    at 0x4848899: malloc (in /usr/libexec/valgrind/vgpreload_memcheck-amd64-linux.so)
==1068268==    by 0x10B839: trans_create (in /home/gene/grader-s19/hw5/repos/minseseo/hw5/bin/xacto)
==1068268==    by 0x10B043: xacto_client_service (in /home/gene/grader-s19/hw5/repos/minseseo/hw5/bin/xacto)
==1068268==    by 0x4908AC2: start_thread (pthread_create.c:442)
==1068268==    by 0x4999813: clone (clone.S:100)
==1068268== 
==1068268== Invalid read of size 8
==1068268==    at 0x10BD17: trans_abort (in /home/gene/grader-s19/hw5/repos/minseseo/hw5/bin/xacto)
==1068268==    by 0x10BD12: trans_abort (in /home/gene/grader-s19/hw5/repos/minseseo/hw5/bin/xacto)
==1068268==    by 0x10B6DC: xacto_client_service (in /home/gene/grader-s19/hw5/repos/minseseo/hw5/bin/xacto)
==1068268==    by 0x4908AC2: start_thread (pthread_create.c:442)
==1068268==    by 0x4999813: clone (clone.S:100)
==1068268==  Address 0x4aa1198 is 104 bytes inside a block of size 120 free'd
==1068268==    at 0x484B27F: free (in /usr/libexec/valgrind/vgpreload_memcheck-amd64-linux.so)
==1068268==    by 0x10BAB6: trans_unref (in /home/gene/grader-s19/hw5/repos/minseseo/hw5/bin/xacto)
==1068268==    by 0x10BD74: trans_abort (in /home/gene/grader-s19/hw5/repos/minseseo/hw5/bin/xacto)
==1068268==    by 0x10BD12: trans_abort (in /home/gene/grader-s19/hw5/repos/minseseo/hw5/bin/xacto)
==1068268==    by 0x10BD12: trans_abort (in /home/gene/grader-s19/hw5/repos/minseseo/hw5/bin/xacto)
==1068268==    by 0x10B6DC: xacto_client_service (in /home/gene/grader-s19/hw5/repos/minseseo/hw5/bin/xacto)
==1068268==    by 0x4908AC2: start_thread (pthread_create.c:442)
==1068268==    by 0x4999813: clone (clone.S:100)
==1068268==  Block was alloc'd at
==1068268==    at 0x4848899: malloc (in /usr/libexec/valgrind/vgpreload_memcheck-amd64-linux.so)
==1068268==    by 0x10B839: trans_create (in /home/gene/grader-s19/hw5/repos/minseseo/hw5/bin/xacto)
==1068268==    by 0x10B043: xacto_client_service (in /home/gene/grader-s19/hw5/repos/minseseo/hw5/bin/xacto)
==1068268==    by 0x4908AC2: start_thread (pthread_create.c:442)
==1068268==    by 0x4999813: clone (clone.S:100)
==1068268== 
==1068268== Invalid read of size 4
==1068268==    at 0x10BD29: trans_abort (in /home/gene/grader-s19/hw5/repos/minseseo/hw5/bin/xacto)
==1068268==    by 0x10B6DC: xacto_client_service (in /home/gene/grader-s19/hw5/repos/minseseo/hw5/bin/xacto)
==1068268==    by 0x4908AC2: start_thread (pthread_create.c:442)
==1068268==    by 0x4999813: clone (clone.S:100)
==1068268==  Address 0x4aa1130 is 0 bytes inside a block of size 120 free'd
==1068268==    at 0x484B27F: free (in /usr/libexec/valgrind/vgpreload_memcheck-amd64-linux.so)
==1068268==    by 0x10BAB6: trans_unref (in /home/gene/grader-s19/hw5/repos/minseseo/hw5/bin/xacto)
==1068268==    by 0x10BD74: trans_abort (in /home/gene/grader-s19/hw5/repos/minseseo/hw5/bin/xacto)
==1068268==    by 0x10BD12: trans_abort (in /home/gene/grader-s19/hw5/repos/minseseo/hw5/bin/xacto)
==1068268==    by 0x10BD12: trans_abort (in /home/gene/grader-s19/hw5/repos/minseseo/hw5/bin/xacto)
==1068268==    by 0x10B6DC: xacto_client_service (in /home/gene/grader-s19/hw5/repos/minseseo/hw5/bin/xacto)
==1068268==    by 0x4908AC2: start_thread (pthread_create.c:442)
==1068268==    by 0x4999813: clone (clone.S:100)
==1068268==  Block was alloc'd at
==1068268==    at 0x4848899: malloc (in /usr/libexec/valgrind/vgpreload_memcheck-amd64-linux.so)
==1068268==    by 0x10B839: trans_create (in /home/gene/grader-s19/hw5/repos/minseseo/hw5/bin/xacto)
==1068268==    by 0x10B043: xacto_client_service (in /home/gene/grader-s19/hw5/repos/minseseo/hw5/bin/xacto)
==1068268==    by 0x4908AC2: start_thread (pthread_create.c:442)
==1068268==    by 0x4999813: clone (clone.S:100)
==1068268== 
==1068268== Thread 4:
==1068268== Invalid read of size 4
==1068268==    at 0x10BC97: trans_commit (in /home/gene/grader-s19/hw5/repos/minseseo/hw5/bin/xacto)
==1068268==    by 0x10B603: xacto_client_service (in /home/gene/grader-s19/hw5/repos/minseseo/hw5/bin/xacto)
==1068268==    by 0x4908AC2: start_thread (pthread_create.c:442)
==1068268==    by 0x4999813: clone (clone.S:100)
==1068268==  Address 0x4aa1488 is 8 bytes inside a block of size 120 free'd
==1068268==    at 0x484B27F: free (in /usr/libexec/valgrind/vgpreload_memcheck-amd64-linux.so)
==1068268==    by 0x10BAB6: trans_unref (in /home/gene/grader-s19/hw5/repos/minseseo/hw5/bin/xacto)
==1068268==    by 0x10BC92: trans_commit (in /home/gene/grader-s19/hw5/repos/minseseo/hw5/bin/xacto)
==1068268==    by 0x10B603: xacto_client_service (in /home/gene/grader-s19/hw5/repos/minseseo/hw5/bin/xacto)
==1068268==    by 0x4908AC2: start_thread (pthread_create.c:442)
==1068268==    by 0x4999813: clone (clone.S:100)
==1068268==  Block was alloc'd at
==1068268==    at 0x4848899: malloc (in /usr/libexec/valgrind/vgpreload_memcheck-amd64-linux.so)
==1068268==    by 0x10B839: trans_create (in /home/gene/grader-s19/hw5/repos/minseseo/hw5/bin/xacto)
==1068268==    by 0x10B043: xacto_client_service (in /home/gene/grader-s19/hw5/repos/minseseo/hw5/bin/xacto)
==1068268==    by 0x4908AC2: start_thread (pthread_create.c:442)
==1068268==    by 0x4999813: clone (clone.S:100)
==1068268== 
==1068268== Syscall param write(buf) points to uninitialised byte(s)
==1068268==    at 0x49886CF: __libc_write (write.c:26)
==1068268==    by 0x49886CF: write (write.c:24)
==1068268==    by 0x10C53E: proto_send_packet (in /home/gene/grader-s19/hw5/repos/minseseo/hw5/bin/xacto)
==1068268==    by 0x10B634: xacto_client_service (in /home/gene/grader-s19/hw5/repos/minseseo/hw5/bin/xacto)
==1068268==    by 0x4908AC2: start_thread (pthread_create.c:442)
==1068268==    by 0x4999813: clone (clone.S:100)
==1068268==  Address 0xc6a1e33 is on thread 4's stack
==1068268==  in frame #2, created by xacto_client_service (???:)
==1068268== 
==1068268== 
==1068268== More than 10000000 total errors detected.  I'm not reporting any more.
==1068268== Final error counts will be inaccurate.  Go fix your program!
==1068268== Rerun with --error-limit=no to disable this cutoff.  Note
==1068268== that errors may occur in your program without prior warning from
==1068268== Valgrind, because errors are no longer being displayed.
==1068268== 
==1068268== 
==1068268== FILE DESCRIPTORS: 9 open (3 std) at exit.
==1068268== Open AF_INET socket 6: 127.0.0.1:9999 <-> 127.0.0.1:57326
==1068268==    at 0x499B237: accept (accept.c:26)
==1068268==    by 0x10A922: main (in /home/gene/grader-s19/hw5/repos/minseseo/hw5/bin/xacto)
==1068268== 
==1068268== Open AF_INET socket 5: 0.0.0.0:9999 <-> unbound
==1068268==    at 0x499B94B: socket (syscall-template.S:120)
==1068268==    by 0x10BF7B: open_listenfd (in /home/gene/grader-s19/hw5/repos/minseseo/hw5/bin/xacto)
==1068268==    by 0x10A8C1: main (in /home/gene/grader-s19/hw5/repos/minseseo/hw5/bin/xacto)
==1068268== 
==1068268== Open file descriptor 13: /dev/shm/bxf_arena_1068244 (deleted)
==1068268==    <inherited from parent>
==1068268== 
==1068268== Open file descriptor 12: /dev/shm/bxf_arena_1068244 (deleted)
==1068268==    <inherited from parent>
==1068268== 
==1068268== Open file descriptor 4:
==1068268==    <inherited from parent>
==1068268== 
==1068268== Open file descriptor 3: /home/gene/grader-s19/hw5/repos/minseseo/hw5/valgrind.out
==1068268==    <inherited from parent>
==1068268== 
==1068268== 
==1068268== HEAP SUMMARY:
==1068268==     in use at exit: 372 bytes in 3 blocks
==1068268==   total heap usage: 23 allocs, 20 frees, 100,671,412 bytes allocated
==1068268== 
==1068268== Thread 1:
==1068268== 272 bytes in 1 blocks are possibly lost in loss record 3 of 3
==1068268==    at 0x484DA83: calloc (in /usr/libexec/valgrind/vgpreload_memcheck-amd64-linux.so)
==1068268==    by 0x40147D9: calloc (rtld-malloc.h:44)
==1068268==    by 0x40147D9: allocate_dtv (dl-tls.c:375)
==1068268==    by 0x40147D9: _dl_allocate_tls (dl-tls.c:634)
==1068268==    by 0x49097B4: allocate_stack (allocatestack.c:430)
==1068268==    by 0x49097B4: pthread_create@@GLIBC_2.34 (pthread_create.c:647)
==1068268==    by 0x10A97D: main (in /home/gene/grader-s19/hw5/repos/minseseo/hw5/bin/xacto)
==1068268== 
==1068268== LEAK SUMMARY:
==1068268==    definitely lost: 0 bytes in 0 blocks
==1068268==    indirectly lost: 0 bytes in 0 blocks
==1068268==      possibly lost: 272 bytes in 1 blocks
==1068268==    still reachable: 100 bytes in 2 blocks
==1068268==         suppressed: 0 bytes in 0 blocks
==1068268== Reachable blocks (those to which a pointer was found) are not shown.
==1068268== To see them, rerun with: --leak-check=full --show-leak-kinds=all
==1068268== 
==1068268== Use --track-origins=yes to see where uninitialised values come from
==1068268== For lists of detected and suppressed errors, rerun with: -s
==1068268== ERROR SUMMARY: 10000001 errors from 6 contexts (suppressed: 0 from 0)
[----] tests/server_test.c:200: Assertion Failed
[----]   
[----]   Valgrind reported errors
[----]   
[FAIL] server_suite::00_start_server: (45.03s)
[----] Writing xml report in `crit.xml`.
[====] Synthesis: Tested: 4 | Passing: 1 | Failing: 3 | Crashing: 0 
